<?xml version="1.0" encoding="UTF-8"?>
<!-- Generated by org.testng.reporters.JUnitXMLReporter -->
<testsuite ignored="0" hostname="DESKTOP-7S7LCUO" failures="0" tests="4" name="Default test" time="11.722" errors="0" timestamp="2024-07-29T00:49:37 IST">
  <testcase classname="test.UserTest" name="testCreateUser" time="4.52"/>
  <testcase classname="test.UserTest" name="testGetUser" time="1.531"/>
  <testcase classname="test.UserTest" name="testUpdateUser" time="2.819"/>
  <testcase classname="test.UserTest" name="testDelUser" time="1.529"/>
</testsuite> <!-- Default test -->
