<?xml version="1.0" encoding="UTF-8"?>
<!-- Generated by org.testng.reporters.JUnitXMLReporter -->
<testsuite ignored="0" hostname="DESKTOP-7S7LCUO" failures="0" tests="4" name="Test" time="11.17" errors="0" timestamp="2024-07-29T00:52:01 IST">
  <testcase classname="test.UserTest" name="testCreateUser" time="4.272"/>
  <testcase classname="test.UserTest" name="testGetUser" time="1.554"/>
  <testcase classname="test.UserTest" name="testUpdateUser" time="2.665"/>
  <testcase classname="test.UserTest" name="testDelUser" time="1.506"/>
</testsuite> <!-- Test -->
