<?xml version="1.0" encoding="UTF-8"?>
<testng-results ignored="0" total="4" passed="4" failed="0" skipped="0">
  <reporter-output>
  </reporter-output>
  <suite started-at="2024-07-29T00:51:50 IST" name="Suite" finished-at="2024-07-29T00:52:01 IST" duration-ms="11170">
    <groups>
    </groups>
    <test started-at="2024-07-29T00:51:50 IST" name="Test" finished-at="2024-07-29T00:52:01 IST" duration-ms="11170">
      <class name="test.UserTest">
        <test-method is-config="true" signature="setUpData()[pri:0, instance:test.UserTest@48fa0f47]" started-at="2024-07-29T00:51:50 IST" name="setUpData" finished-at="2024-07-29T00:51:51 IST" duration-ms="1088" status="PASS">
          <reporter-output>
          </reporter-output>
        </test-method> <!-- setUpData -->
        <test-method signature="testCreateUser()[pri:1, instance:test.UserTest@48fa0f47]" started-at="2024-07-29T00:51:51 IST" name="testCreateUser" finished-at="2024-07-29T00:51:55 IST" duration-ms="4272" status="PASS">
          <reporter-output>
          </reporter-output>
        </test-method> <!-- testCreateUser -->
        <test-method signature="testGetUser()[pri:2, instance:test.UserTest@48fa0f47]" started-at="2024-07-29T00:51:56 IST" name="testGetUser" finished-at="2024-07-29T00:51:57 IST" duration-ms="1554" status="PASS">
          <reporter-output>
          </reporter-output>
        </test-method> <!-- testGetUser -->
        <test-method signature="testUpdateUser()[pri:3, instance:test.UserTest@48fa0f47]" started-at="2024-07-29T00:51:57 IST" name="testUpdateUser" finished-at="2024-07-29T00:52:00 IST" duration-ms="2665" status="PASS">
          <reporter-output>
          </reporter-output>
        </test-method> <!-- testUpdateUser -->
        <test-method signature="testDelUser()[pri:4, instance:test.UserTest@48fa0f47]" started-at="2024-07-29T00:52:00 IST" name="testDelUser" finished-at="2024-07-29T00:52:01 IST" duration-ms="1506" status="PASS">
          <reporter-output>
          </reporter-output>
        </test-method> <!-- testDelUser -->
      </class> <!-- test.UserTest -->
    </test> <!-- Test -->
  </suite> <!-- Suite -->
</testng-results>
