<?xml version="1.0" encoding="UTF-8"?>
<testsuite xmlns:xsi="http://www.w3.org/2001/XMLSchema-instance" xsi:noNamespaceSchemaLocation="https://maven.apache.org/surefire/maven-surefire-plugin/xsd/surefire-test-report.xsd" name="TestSuite" time="12.167" tests="4" errors="0" skipped="0" failures="0">
  <properties>
[...]
</properties>
  <testcase name="testCreateUser" classname="test.UserTest" time="4.292"/>
  <testcase name="testGetUser" classname="test.UserTest" time="1.552"/>
  <testcase name="testUpdateUser" classname="test.UserTest" time="2.668"/>
  <testcase name="testDelUser" classname="test.UserTest" time="1.495"/>
</testsuite>