<?xml version="1.0" encoding="UTF-8"?>
<testng-results ignored="0" total="4" passed="4" failed="0" skipped="0">
  <reporter-output>
  </reporter-output>
  <suite started-at="2024-07-29T00:49:26 IST" name="Default suite" finished-at="2024-07-29T00:49:37 IST" duration-ms="11722">
    <groups>
    </groups>
    <test started-at="2024-07-29T00:49:26 IST" name="Default test" finished-at="2024-07-29T00:49:37 IST" duration-ms="11722">
      <class name="test.UserTest">
        <test-method is-config="true" signature="setUpData()[pri:0, instance:test.UserTest@d86a6f]" started-at="2024-07-29T00:49:26 IST" name="setUpData" finished-at="2024-07-29T00:49:27 IST" duration-ms="1194" status="PASS">
          <reporter-output>
          </reporter-output>
        </test-method> <!-- setUpData -->
        <test-method signature="testCreateUser()[pri:1, instance:test.UserTest@d86a6f]" started-at="2024-07-29T00:49:27 IST" name="testCreateUser" finished-at="2024-07-29T00:49:31 IST" duration-ms="4520" status="PASS">
          <reporter-output>
          </reporter-output>
        </test-method> <!-- testCreateUser -->
        <test-method signature="testGetUser()[pri:2, instance:test.UserTest@d86a6f]" started-at="2024-07-29T00:49:31 IST" name="testGetUser" finished-at="2024-07-29T00:49:33 IST" duration-ms="1531" status="PASS">
          <reporter-output>
          </reporter-output>
        </test-method> <!-- testGetUser -->
        <test-method signature="testUpdateUser()[pri:3, instance:test.UserTest@d86a6f]" started-at="2024-07-29T00:49:33 IST" name="testUpdateUser" finished-at="2024-07-29T00:49:36 IST" duration-ms="2819" status="PASS">
          <reporter-output>
          </reporter-output>
        </test-method> <!-- testUpdateUser -->
        <test-method signature="testDelUser()[pri:4, instance:test.UserTest@d86a6f]" started-at="2024-07-29T00:49:36 IST" name="testDelUser" finished-at="2024-07-29T00:49:37 IST" duration-ms="1529" status="PASS">
          <reporter-output>
          </reporter-output>
        </test-method> <!-- testDelUser -->
      </class> <!-- test.UserTest -->
    </test> <!-- Default test -->
  </suite> <!-- Default suite -->
</testng-results>
